Info: Start Nativelink Simulation process

========= EDA Simulation Settings =====================

Sim Mode              :  Gate
Family                :  cycloneii
Quartus root          :  c:/altera/13.0/quartus/bin64/
Quartus sim root      :  c:/altera/13.0/quartus/eda/sim_lib
Simulation Tool       :  modelsim-altera
Simulation Language   :  verilog
Simulation Mode       :  GUI
Sim Output File       :  AddAndMinus.vo
Sim SDF file          :  AddAndMinus__verilog.sdo
Sim dir               :  simulation\modelsim

=======================================================

Info: Starting NativeLink simulation with ModelSim-Altera software
Sourced NativeLink script c:/altera/13.0/quartus/common/tcl/internal/nativelink/modelsim.tcl
Warning: File AddAndMinus_run_msim_gate_verilog.do already exists - backing up current file as AddAndMinus_run_msim_gate_verilog.do.bak3
Probing transcript
ModelSim-Altera Info: # Reading C:/altera/13.0/modelsim_ase/tcl/vsim/pref.tcl 
ModelSim-Altera Info: # do AddAndMinus_run_msim_gate_verilog.do 
ModelSim-Altera Info: # if {[file exists gate_work]} {
ModelSim-Altera Info: # 	vdel -lib gate_work -all
ModelSim-Altera Info: # }
ModelSim-Altera Info: # vlib gate_work
ModelSim-Altera Info: # vmap work gate_work
ModelSim-Altera Info: # Copying C:\altera\13.0\modelsim_ase\win32aloem/../modelsim.ini to modelsim.ini
ModelSim-Altera Info: # Modifying modelsim.ini
ModelSim-Altera Warning: # ** Warning: Copied C:\altera\13.0\modelsim_ase\win32aloem/../modelsim.ini to modelsim.ini.
ModelSim-Altera Info: #          Updated modelsim.ini.
ModelSim-Altera Info: # 
ModelSim-Altera Info: # vlog -vlog01compat -work work +incdir+. {AddAndMinus.vo}
ModelSim-Altera Info: # Model Technology ModelSim ALTERA vlog 10.1d Compiler 2012.11 Nov  2 2012
ModelSim-Altera Info: # -- Compiling module AddAndMinus
ModelSim-Altera Info: # 
ModelSim-Altera Info: # Top level modules:
ModelSim-Altera Info: # 	AddAndMinus
ModelSim-Altera Info: # 
ModelSim-Altera Info: # vlog -vlog01compat -work work +incdir+D:/EDA/Calculator/simulation/modelsim {D:/EDA/Calculator/simulation/modelsim/AddAndMinus.vt}
ModelSim-Altera Info: # Model Technology ModelSim ALTERA vlog 10.1d Compiler 2012.11 Nov  2 2012
ModelSim-Altera Info: # -- Compiling module AddAndMinus_vlg_tst
ModelSim-Altera Info: # 
ModelSim-Altera Info: # Top level modules:
ModelSim-Altera Info: # 	AddAndMinus_vlg_tst
ModelSim-Altera Info: # 
ModelSim-Altera Info: # vsim -t 1ps -L cycloneii_ver -L gate_work -L work -voptargs="+acc"  AddAndMinus_vlg_tst
ModelSim-Altera Info: # vsim -L cycloneii_ver -L gate_work -L work -voptargs=\"+acc\" -t 1ps AddAndMinus_vlg_tst 
ModelSim-Altera Info: # 
ModelSim-Altera Info: # add wave *
ModelSim-Altera Info: # view structure
ModelSim-Altera Info: # .main_pane.structure.interior.cs.body.struct
ModelSim-Altera Info: # view signals
ModelSim-Altera Info: # .main_pane.objects.interior.cs.body.tree
ModelSim-Altera Info: # run -all
ModelSim-Altera Info: # 1
ModelSim-Altera Info: # Break in Module AddAndMinus_vlg_tst at D:/EDA/Calculator/simulation/modelsim/AddAndMinus.vt line 81
ModelSim-Altera Info: # Simulation Breakpoint: 1
ModelSim-Altera Info: # Break in Module AddAndMinus_vlg_tst at D:/EDA/Calculator/simulation/modelsim/AddAndMinus.vt line 81
ModelSim-Altera Info: # MACRO ./AddAndMinus_run_msim_gate_verilog.do PAUSED at line 17
Info: NativeLink simulation flow was successful
