Analysis & Synthesis report for Final
Fri Nov 18 16:25:11 2022
Quartus II 64-Bit Version 13.0.0 Build 156 04/24/2013 SJ Full Version


---------------------
; Table of Contents ;
---------------------
  1. Legal Notice
  2. Analysis & Synthesis Summary
  3. Analysis & Synthesis Settings
  4. Parallel Compilation
  5. Analysis & Synthesis Source Files Read
  6. Analysis & Synthesis Resource Usage Summary
  7. Analysis & Synthesis Resource Utilization by Entity
  8. General Register Statistics
  9. Elapsed Time Per Partition
 10. Analysis & Synthesis Messages



----------------
; Legal Notice ;
----------------
Copyright (C) 1991-2013 Altera Corporation
Your use of Altera Corporation's design tools, logic functions 
and other software and tools, and its AMPP partner logic 
functions, and any output files from any of the foregoing 
(including device programming or simulation files), and any 
associated documentation or information are expressly subject 
to the terms and conditions of the Altera Program License 
Subscription Agreement, Altera MegaCore Function License 
Agreement, or other applicable license agreement, including, 
without limitation, that your use is for the sole purpose of 
programming logic devices manufactured by Altera and sold by 
Altera or its authorized distributors.  Please refer to the 
applicable agreement for further details.



+----------------------------------------------------------------------------------+
; Analysis & Synthesis Summary                                                     ;
+------------------------------------+---------------------------------------------+
; Analysis & Synthesis Status        ; Successful - Fri Nov 18 16:25:11 2022       ;
; Quartus II 64-Bit Version          ; 13.0.0 Build 156 04/24/2013 SJ Full Version ;
; Revision Name                      ; Final                                       ;
; Top-level Entity Name              ; Final                                       ;
; Family                             ; Cyclone II                                  ;
; Total logic elements               ; 42                                          ;
;     Total combinational functions  ; 42                                          ;
;     Dedicated logic registers      ; 0                                           ;
; Total registers                    ; 0                                           ;
; Total pins                         ; 25                                          ;
; Total virtual pins                 ; 0                                           ;
; Total memory bits                  ; 0                                           ;
; Embedded Multiplier 9-bit elements ; 0                                           ;
; Total PLLs                         ; 0                                           ;
+------------------------------------+---------------------------------------------+


+----------------------------------------------------------------------------------------------------------------------+
; Analysis & Synthesis Settings                                                                                        ;
+----------------------------------------------------------------------------+--------------------+--------------------+
; Option                                                                     ; Setting            ; Default Value      ;
+----------------------------------------------------------------------------+--------------------+--------------------+
; Device                                                                     ; EP2C5Q208C8        ;                    ;
; Top-level entity name                                                      ; Final              ; Final              ;
; Family name                                                                ; Cyclone II         ; Cyclone IV GX      ;
; Use smart compilation                                                      ; Off                ; Off                ;
; Enable parallel Assembler and TimeQuest Timing Analyzer during compilation ; On                 ; On                 ;
; Enable compact report table                                                ; Off                ; Off                ;
; Restructure Multiplexers                                                   ; Auto               ; Auto               ;
; Create Debugging Nodes for IP Cores                                        ; Off                ; Off                ;
; Preserve fewer node names                                                  ; On                 ; On                 ;
; Disable OpenCore Plus hardware evaluation                                  ; Off                ; Off                ;
; Verilog Version                                                            ; Verilog_2001       ; Verilog_2001       ;
; VHDL Version                                                               ; VHDL_1993          ; VHDL_1993          ;
; State Machine Processing                                                   ; Auto               ; Auto               ;
; Safe State Machine                                                         ; Off                ; Off                ;
; Extract Verilog State Machines                                             ; On                 ; On                 ;
; Extract VHDL State Machines                                                ; On                 ; On                 ;
; Ignore Verilog initial constructs                                          ; Off                ; Off                ;
; Iteration limit for constant Verilog loops                                 ; 5000               ; 5000               ;
; Iteration limit for non-constant Verilog loops                             ; 250                ; 250                ;
; Add Pass-Through Logic to Inferred RAMs                                    ; On                 ; On                 ;
; Infer RAMs from Raw Logic                                                  ; On                 ; On                 ;
; Parallel Synthesis                                                         ; On                 ; On                 ;
; DSP Block Balancing                                                        ; Auto               ; Auto               ;
; NOT Gate Push-Back                                                         ; On                 ; On                 ;
; Power-Up Don't Care                                                        ; On                 ; On                 ;
; Remove Redundant Logic Cells                                               ; Off                ; Off                ;
; Remove Duplicate Registers                                                 ; On                 ; On                 ;
; Ignore CARRY Buffers                                                       ; Off                ; Off                ;
; Ignore CASCADE Buffers                                                     ; Off                ; Off                ;
; Ignore GLOBAL Buffers                                                      ; Off                ; Off                ;
; Ignore ROW GLOBAL Buffers                                                  ; Off                ; Off                ;
; Ignore LCELL Buffers                                                       ; Off                ; Off                ;
; Ignore SOFT Buffers                                                        ; On                 ; On                 ;
; Limit AHDL Integers to 32 Bits                                             ; Off                ; Off                ;
; Optimization Technique                                                     ; Balanced           ; Balanced           ;
; Carry Chain Length                                                         ; 70                 ; 70                 ;
; Auto Carry Chains                                                          ; On                 ; On                 ;
; Auto Open-Drain Pins                                                       ; On                 ; On                 ;
; Perform WYSIWYG Primitive Resynthesis                                      ; Off                ; Off                ;
; Auto ROM Replacement                                                       ; On                 ; On                 ;
; Auto RAM Replacement                                                       ; On                 ; On                 ;
; Auto Shift Register Replacement                                            ; Auto               ; Auto               ;
; Allow Shift Register Merging across Hierarchies                            ; Auto               ; Auto               ;
; Auto Clock Enable Replacement                                              ; On                 ; On                 ;
; Strict RAM Replacement                                                     ; Off                ; Off                ;
; Allow Synchronous Control Signals                                          ; On                 ; On                 ;
; Force Use of Synchronous Clear Signals                                     ; Off                ; Off                ;
; Auto RAM to Logic Cell Conversion                                          ; Off                ; Off                ;
; Auto Resource Sharing                                                      ; Off                ; Off                ;
; Allow Any RAM Size For Recognition                                         ; Off                ; Off                ;
; Allow Any ROM Size For Recognition                                         ; Off                ; Off                ;
; Allow Any Shift Register Size For Recognition                              ; Off                ; Off                ;
; Use LogicLock Constraints during Resource Balancing                        ; On                 ; On                 ;
; Ignore translate_off and synthesis_off directives                          ; Off                ; Off                ;
; Timing-Driven Synthesis                                                    ; Off                ; Off                ;
; Report Parameter Settings                                                  ; On                 ; On                 ;
; Report Source Assignments                                                  ; On                 ; On                 ;
; Report Connectivity Checks                                                 ; On                 ; On                 ;
; Ignore Maximum Fan-Out Assignments                                         ; Off                ; Off                ;
; Synchronization Register Chain Length                                      ; 2                  ; 2                  ;
; PowerPlay Power Optimization                                               ; Normal compilation ; Normal compilation ;
; HDL message level                                                          ; Level2             ; Level2             ;
; Suppress Register Optimization Related Messages                            ; Off                ; Off                ;
; Number of Removed Registers Reported in Synthesis Report                   ; 5000               ; 5000               ;
; Number of Swept Nodes Reported in Synthesis Report                         ; 5000               ; 5000               ;
; Number of Inverted Registers Reported in Synthesis Report                  ; 100                ; 100                ;
; Clock MUX Protection                                                       ; On                 ; On                 ;
; Auto Gated Clock Conversion                                                ; Off                ; Off                ;
; Block Design Naming                                                        ; Auto               ; Auto               ;
; SDC constraint protection                                                  ; Off                ; Off                ;
; Synthesis Effort                                                           ; Auto               ; Auto               ;
; Shift Register Replacement - Allow Asynchronous Clear Signal               ; On                 ; On                 ;
; Pre-Mapping Resynthesis Optimization                                       ; Off                ; Off                ;
; Analysis & Synthesis Message Level                                         ; Medium             ; Medium             ;
; Disable Register Merging Across Hierarchies                                ; Auto               ; Auto               ;
; Resource Aware Inference For Block RAM                                     ; On                 ; On                 ;
; Synthesis Seed                                                             ; 1                  ; 1                  ;
+----------------------------------------------------------------------------+--------------------+--------------------+


+------------------------------------------+
; Parallel Compilation                     ;
+----------------------------+-------------+
; Processors                 ; Number      ;
+----------------------------+-------------+
; Number detected on machine ; 8           ;
; Maximum allowed            ; 4           ;
;                            ;             ;
; Average used               ; 1.00        ;
; Maximum used               ; 1           ;
;                            ;             ;
; Usage by Processor         ; % Time Used ;
;     Processor 1            ; 100.0%      ;
;     Processors 2-8         ;   0.0%      ;
+----------------------------+-------------+


+----------------------------------------------------------------------------------------------------------------------------------------------------------------+
; Analysis & Synthesis Source Files Read                                                                                                                         ;
+----------------------------------+-----------------+------------------------------------+------------------------------------------------------------+---------+
; File Name with User-Entered Path ; Used in Netlist ; File Type                          ; File Name with Absolute Path                               ; Library ;
+----------------------------------+-----------------+------------------------------------+------------------------------------------------------------+---------+
; Selector.bdf                     ; yes             ; User Block Diagram/Schematic File  ; D:/EDA/Selector.bdf                                        ;         ;
; FourMUX41.bdf                    ; yes             ; User Block Diagram/Schematic File  ; D:/EDA/FourMUX41.bdf                                       ;         ;
; Final.bdf                        ; yes             ; User Block Diagram/Schematic File  ; D:/EDA/Final.bdf                                           ;         ;
; DIGLight.bdf                     ; yes             ; User Block Diagram/Schematic File  ; D:/EDA/DIGLight.bdf                                        ;         ;
; Complement5.bdf                  ; yes             ; User Block Diagram/Schematic File  ; D:/EDA/Complement5.bdf                                     ;         ;
; Complement4.bdf                  ; yes             ; User Block Diagram/Schematic File  ; D:/EDA/Complement4.bdf                                     ;         ;
; Block1.bdf                       ; yes             ; User Block Diagram/Schematic File  ; D:/EDA/Block1.bdf                                          ;         ;
; BinToDec.bdf                     ; yes             ; User Block Diagram/Schematic File  ; D:/EDA/BinToDec.bdf                                        ;         ;
; AddAndMinus.bdf                  ; yes             ; User Block Diagram/Schematic File  ; D:/EDA/AddAndMinus.bdf                                     ;         ;
; Add5Bin.bdf                      ; yes             ; User Block Diagram/Schematic File  ; D:/EDA/Add5Bin.bdf                                         ;         ;
; Add4Bin.bdf                      ; yes             ; User Block Diagram/Schematic File  ; D:/EDA/Add4Bin.bdf                                         ;         ;
; 7448.bdf                         ; yes             ; Megafunction                       ; c:/altera/13.0/quartus/libraries/others/maxplus2/7448.bdf  ;         ;
; mux41.bdf                        ; yes             ; Megafunction                       ; c:/altera/13.0/quartus/libraries/others/maxplus2/mux41.bdf ;         ;
+----------------------------------+-----------------+------------------------------------+------------------------------------------------------------+---------+


+-----------------------------------------------------+
; Analysis & Synthesis Resource Usage Summary         ;
+---------------------------------------------+-------+
; Resource                                    ; Usage ;
+---------------------------------------------+-------+
; Estimated Total logic elements              ; 42    ;
;                                             ;       ;
; Total combinational functions               ; 42    ;
; Logic element usage by number of LUT inputs ;       ;
;     -- 4 input functions                    ; 25    ;
;     -- 3 input functions                    ; 12    ;
;     -- <=2 input functions                  ; 5     ;
;                                             ;       ;
; Logic elements by mode                      ;       ;
;     -- normal mode                          ; 42    ;
;     -- arithmetic mode                      ; 0     ;
;                                             ;       ;
; Total registers                             ; 0     ;
;     -- Dedicated logic registers            ; 0     ;
;     -- I/O registers                        ; 0     ;
;                                             ;       ;
; I/O pins                                    ; 25    ;
; Embedded Multiplier 9-bit elements          ; 0     ;
; Maximum fan-out node                        ; KEY0  ;
; Maximum fan-out                             ; 13    ;
; Total fan-out                               ; 161   ;
; Average fan-out                             ; 2.40  ;
+---------------------------------------------+-------+


+-------------------------------------------------------------------------------------------------------------------------------------------------------------------------------------------------------------------+
; Analysis & Synthesis Resource Utilization by Entity                                                                                                                                                               ;
+----------------------------+-------------------+--------------+-------------+--------------+---------+-----------+------+--------------+-----------------------------------------------------------+--------------+
; Compilation Hierarchy Node ; LC Combinationals ; LC Registers ; Memory Bits ; DSP Elements ; DSP 9x9 ; DSP 18x18 ; Pins ; Virtual Pins ; Full Hierarchy Name                                       ; Library Name ;
+----------------------------+-------------------+--------------+-------------+--------------+---------+-----------+------+--------------+-----------------------------------------------------------+--------------+
; |Final                     ; 42 (5)            ; 0 (0)        ; 0           ; 0            ; 0       ; 0         ; 25   ; 0            ; |Final                                                    ;              ;
;    |AddAndMinus:inst213|   ; 16 (0)            ; 0 (0)        ; 0           ; 0            ; 0       ; 0         ; 0    ; 0            ; |Final|AddAndMinus:inst213                                ;              ;
;       |Add5Bin:inst2|      ; 5 (0)             ; 0 (0)        ; 0           ; 0            ; 0       ; 0         ; 0    ; 0            ; |Final|AddAndMinus:inst213|Add5Bin:inst2                  ;              ;
;          |Block1:inst5|    ; 2 (2)             ; 0 (0)        ; 0           ; 0            ; 0       ; 0         ; 0    ; 0            ; |Final|AddAndMinus:inst213|Add5Bin:inst2|Block1:inst5     ;              ;
;          |Block1:inst6|    ; 2 (2)             ; 0 (0)        ; 0           ; 0            ; 0       ; 0         ; 0    ; 0            ; |Final|AddAndMinus:inst213|Add5Bin:inst2|Block1:inst6     ;              ;
;          |Block1:inst8|    ; 1 (1)             ; 0 (0)        ; 0           ; 0            ; 0       ; 0         ; 0    ; 0            ; |Final|AddAndMinus:inst213|Add5Bin:inst2|Block1:inst8     ;              ;
;       |Complement4:inst1|  ; 2 (0)             ; 0 (0)        ; 0           ; 0            ; 0       ; 0         ; 0    ; 0            ; |Final|AddAndMinus:inst213|Complement4:inst1              ;              ;
;          |Block1:inst4|    ; 1 (1)             ; 0 (0)        ; 0           ; 0            ; 0       ; 0         ; 0    ; 0            ; |Final|AddAndMinus:inst213|Complement4:inst1|Block1:inst4 ;              ;
;          |Block1:inst5|    ; 1 (1)             ; 0 (0)        ; 0           ; 0            ; 0       ; 0         ; 0    ; 0            ; |Final|AddAndMinus:inst213|Complement4:inst1|Block1:inst5 ;              ;
;       |Complement4:inst|   ; 3 (0)             ; 0 (0)        ; 0           ; 0            ; 0       ; 0         ; 0    ; 0            ; |Final|AddAndMinus:inst213|Complement4:inst               ;              ;
;          |Block1:inst4|    ; 1 (1)             ; 0 (0)        ; 0           ; 0            ; 0       ; 0         ; 0    ; 0            ; |Final|AddAndMinus:inst213|Complement4:inst|Block1:inst4  ;              ;
;          |Block1:inst5|    ; 1 (1)             ; 0 (0)        ; 0           ; 0            ; 0       ; 0         ; 0    ; 0            ; |Final|AddAndMinus:inst213|Complement4:inst|Block1:inst5  ;              ;
;          |Block1:inst9|    ; 1 (1)             ; 0 (0)        ; 0           ; 0            ; 0       ; 0         ; 0    ; 0            ; |Final|AddAndMinus:inst213|Complement4:inst|Block1:inst9  ;              ;
;       |Complement5:inst3|  ; 6 (2)             ; 0 (0)        ; 0           ; 0            ; 0       ; 0         ; 0    ; 0            ; |Final|AddAndMinus:inst213|Complement5:inst3              ;              ;
;          |Block1:inst7|    ; 2 (2)             ; 0 (0)        ; 0           ; 0            ; 0       ; 0         ; 0    ; 0            ; |Final|AddAndMinus:inst213|Complement5:inst3|Block1:inst7 ;              ;
;          |Block1:inst9|    ; 2 (2)             ; 0 (0)        ; 0           ; 0            ; 0       ; 0         ; 0    ; 0            ; |Final|AddAndMinus:inst213|Complement5:inst3|Block1:inst9 ;              ;
;    |BinToDec:inst9|        ; 1 (1)             ; 0 (0)        ; 0           ; 0            ; 0       ; 0         ; 0    ; 0            ; |Final|BinToDec:inst9                                     ;              ;
;    |DIGLight:inst4|        ; 12 (4)            ; 0 (0)        ; 0           ; 0            ; 0       ; 0         ; 0    ; 0            ; |Final|DIGLight:inst4                                     ;              ;
;       |7448:inst|          ; 8 (8)             ; 0 (0)        ; 0           ; 0            ; 0       ; 0         ; 0    ; 0            ; |Final|DIGLight:inst4|7448:inst                           ;              ;
;    |FourMUX41:inst5|       ; 8 (0)             ; 0 (0)        ; 0           ; 0            ; 0       ; 0         ; 0    ; 0            ; |Final|FourMUX41:inst5                                    ;              ;
;       |mux41:inst123213|   ; 2 (2)             ; 0 (0)        ; 0           ; 0            ; 0       ; 0         ; 0    ; 0            ; |Final|FourMUX41:inst5|mux41:inst123213                   ;              ;
;       |mux41:inst2|        ; 3 (3)             ; 0 (0)        ; 0           ; 0            ; 0       ; 0         ; 0    ; 0            ; |Final|FourMUX41:inst5|mux41:inst2                        ;              ;
;       |mux41:inst3|        ; 1 (1)             ; 0 (0)        ; 0           ; 0            ; 0       ; 0         ; 0    ; 0            ; |Final|FourMUX41:inst5|mux41:inst3                        ;              ;
;       |mux41:inst|         ; 2 (2)             ; 0 (0)        ; 0           ; 0            ; 0       ; 0         ; 0    ; 0            ; |Final|FourMUX41:inst5|mux41:inst                         ;              ;
+----------------------------+-------------------+--------------+-------------+--------------+---------+-----------+------+--------------+-----------------------------------------------------------+--------------+
Note: For table entries with two numbers listed, the numbers in parentheses indicate the number of resources of the given type used by the specific entity alone. The numbers listed outside of parentheses indicate the total resources of the given type used by the specific entity and all of its sub-entities in the hierarchy.


+------------------------------------------------------+
; General Register Statistics                          ;
+----------------------------------------------+-------+
; Statistic                                    ; Value ;
+----------------------------------------------+-------+
; Total registers                              ; 0     ;
; Number of registers using Synchronous Clear  ; 0     ;
; Number of registers using Synchronous Load   ; 0     ;
; Number of registers using Asynchronous Clear ; 0     ;
; Number of registers using Asynchronous Load  ; 0     ;
; Number of registers using Clock Enable       ; 0     ;
; Number of registers using Preset             ; 0     ;
+----------------------------------------------+-------+


+-------------------------------+
; Elapsed Time Per Partition    ;
+----------------+--------------+
; Partition Name ; Elapsed Time ;
+----------------+--------------+
; Top            ; 00:00:00     ;
+----------------+--------------+


+-------------------------------+
; Analysis & Synthesis Messages ;
+-------------------------------+
Info: *******************************************************************
Info: Running Quartus II 64-Bit Analysis & Synthesis
    Info: Version 13.0.0 Build 156 04/24/2013 SJ Full Version
    Info: Processing started: Fri Nov 18 16:25:08 2022
Info: Command: quartus_map --read_settings_files=on --write_settings_files=off Final -c Final
Info (11104): Parallel Compilation has detected 8 hyper-threaded processors. However, the extra hyper-threaded processors will not be used by default. Parallel Compilation will use 4 of the 4 physical processors detected instead.
Info (12021): Found 1 design units, including 1 entities, in source file selector.bdf
    Info (12023): Found entity 1: Selector
Info (12021): Found 1 design units, including 1 entities, in source file fourmux41.bdf
    Info (12023): Found entity 1: FourMUX41
Info (12021): Found 1 design units, including 1 entities, in source file final.bdf
    Info (12023): Found entity 1: Final
Info (12021): Found 1 design units, including 1 entities, in source file diglight.bdf
    Info (12023): Found entity 1: DIGLight
Info (12021): Found 1 design units, including 1 entities, in source file complement5.bdf
    Info (12023): Found entity 1: Complement5
Info (12021): Found 1 design units, including 1 entities, in source file complement4.bdf
    Info (12023): Found entity 1: Complement4
Info (12021): Found 1 design units, including 1 entities, in source file block1.bdf
    Info (12023): Found entity 1: Block1
Info (12021): Found 1 design units, including 1 entities, in source file bintodec.bdf
    Info (12023): Found entity 1: BinToDec
Info (12021): Found 1 design units, including 1 entities, in source file addandminus.bdf
    Info (12023): Found entity 1: AddAndMinus
Info (12021): Found 1 design units, including 1 entities, in source file add5bin.bdf
    Info (12023): Found entity 1: Add5Bin
Info (12021): Found 1 design units, including 1 entities, in source file add4bin.bdf
    Info (12023): Found entity 1: Add4Bin
Info (12127): Elaborating entity "Final" for the top level hierarchy
Info (12128): Elaborating entity "DIGLight" for hierarchy "DIGLight:inst4"
Info (12128): Elaborating entity "7448" for hierarchy "DIGLight:inst4|7448:inst"
Info (12130): Elaborated megafunction instantiation "DIGLight:inst4|7448:inst"
Info (12128): Elaborating entity "FourMUX41" for hierarchy "FourMUX41:inst5"
Info (12128): Elaborating entity "MUX41" for hierarchy "FourMUX41:inst5|MUX41:inst123213"
Info (12130): Elaborated megafunction instantiation "FourMUX41:inst5|MUX41:inst123213"
Info (12128): Elaborating entity "BinToDec" for hierarchy "BinToDec:inst9"
Info (12128): Elaborating entity "Selector" for hierarchy "BinToDec:inst9|Selector:inst10"
Info (12128): Elaborating entity "Add4Bin" for hierarchy "BinToDec:inst9|Add4Bin:inst6"
Info (12128): Elaborating entity "Block1" for hierarchy "BinToDec:inst9|Add4Bin:inst6|Block1:inst"
Info (12128): Elaborating entity "AddAndMinus" for hierarchy "AddAndMinus:inst213"
Info (12128): Elaborating entity "Complement5" for hierarchy "AddAndMinus:inst213|Complement5:inst3"
Info (12128): Elaborating entity "Add5Bin" for hierarchy "AddAndMinus:inst213|Add5Bin:inst2"
Info (12128): Elaborating entity "Complement4" for hierarchy "AddAndMinus:inst213|Complement4:inst"
Info (16010): Generating hard_block partition "hard_block:auto_generated_inst"
    Info (16011): Adding 0 node(s), including 0 DDIO, 0 PLL, 0 transceiver and 0 LCELL
Info (21057): Implemented 67 device resources after synthesis - the final resource count might be different
    Info (21058): Implemented 10 input pins
    Info (21059): Implemented 15 output pins
    Info (21061): Implemented 42 logic cells
Info: Quartus II 64-Bit Analysis & Synthesis was successful. 0 errors, 0 warnings
    Info: Peak virtual memory: 4597 megabytes
    Info: Processing ended: Fri Nov 18 16:25:11 2022
    Info: Elapsed time: 00:00:03
    Info: Total CPU time (on all processors): 00:00:03


